<?xml version="1.0" encoding="UTF-8"?>
<testng-results ignored="0" total="1" passed="1" failed="0" skipped="0">
  <reporter-output>
  </reporter-output>
  <suite started-at="2024-08-30T12:58:48 IST" name="Default suite" finished-at="2024-08-30T12:58:51 IST" duration-ms="2581">
    <groups>
    </groups>
    <test started-at="2024-08-30T12:58:48 IST" name="Default test" finished-at="2024-08-30T12:58:51 IST" duration-ms="2581">
      <class name="Request_Chaining.Chain">
        <test-method signature="methodChaining()[pri:0, instance:Request_Chaining.Chain@7586beff]" started-at="2024-08-30T12:58:48 IST" name="methodChaining" finished-at="2024-08-30T12:58:51 IST" duration-ms="2518" status="PASS">
          <reporter-output>
          </reporter-output>
        </test-method> <!-- methodChaining -->
      </class> <!-- Request_Chaining.Chain -->
    </test> <!-- Default test -->
  </suite> <!-- Default suite -->
</testng-results>
