<?xml version="1.0" encoding="UTF-8"?>
<testng-results ignored="0" total="1" passed="1" failed="0" skipped="0">
  <reporter-output>
  </reporter-output>
  <suite started-at="2024-08-29T17:27:36 IST" name="Default suite" finished-at="2024-08-29T17:27:51 IST" duration-ms="15780">
    <groups>
    </groups>
    <test started-at="2024-08-29T17:27:36 IST" name="Default test" finished-at="2024-08-29T17:27:51 IST" duration-ms="15780">
      <class name="FKM.Edit_profile">
        <test-method is-config="true" signature="baseClass()[pri:0, instance:FKM.Edit_profile@4c371370]" started-at="2024-08-29T17:27:36 IST" name="baseClass" finished-at="2024-08-29T17:27:44 IST" duration-ms="8763" status="PASS">
          <reporter-output>
          </reporter-output>
        </test-method> <!-- baseClass -->
        <test-method signature="profile()[pri:0, instance:FKM.Edit_profile@4c371370]" started-at="2024-08-29T17:27:44 IST" name="profile" finished-at="2024-08-29T17:27:51 IST" duration-ms="6987" status="PASS">
          <reporter-output>
          </reporter-output>
        </test-method> <!-- profile -->
        <test-method is-config="true" signature="AM()[pri:0, instance:FKM.Edit_profile@4c371370]" started-at="2024-08-29T17:27:51 IST" name="AM" finished-at="2024-08-29T17:27:51 IST" duration-ms="0" status="PASS">
          <reporter-output>
          </reporter-output>
        </test-method> <!-- AM -->
      </class> <!-- FKM.Edit_profile -->
    </test> <!-- Default test -->
  </suite> <!-- Default suite -->
</testng-results>
