<?xml version="1.0" encoding="UTF-8"?>
<testng-results ignored="0" total="1" passed="1" failed="0" skipped="0">
  <reporter-output>
  </reporter-output>
  <suite started-at="2024-08-31T17:40:30 IST" name="Default suite" finished-at="2024-08-31T17:40:47 IST" duration-ms="17623">
    <groups>
    </groups>
    <test started-at="2024-08-31T17:40:30 IST" name="Default test" finished-at="2024-08-31T17:40:47 IST" duration-ms="17623">
      <class name="FKM.Account_Summary">
        <test-method is-config="true" signature="baseClass()[pri:0, instance:FKM.Account_Summary@4c371370]" started-at="2024-08-31T17:40:30 IST" name="baseClass" finished-at="2024-08-31T17:40:41 IST" duration-ms="11575" status="PASS">
          <reporter-output>
          </reporter-output>
        </test-method> <!-- baseClass -->
        <test-method signature="Account()[pri:0, instance:FKM.Account_Summary@4c371370]" started-at="2024-08-31T17:40:41 IST" name="Account" finished-at="2024-08-31T17:40:47 IST" duration-ms="6010" status="PASS">
          <reporter-output>
          </reporter-output>
        </test-method> <!-- Account -->
        <test-method is-config="true" signature="AM()[pri:0, instance:FKM.Account_Summary@4c371370]" started-at="2024-08-31T17:40:47 IST" name="AM" finished-at="2024-08-31T17:40:47 IST" duration-ms="0" status="PASS">
          <reporter-output>
          </reporter-output>
        </test-method> <!-- AM -->
      </class> <!-- FKM.Account_Summary -->
    </test> <!-- Default test -->
  </suite> <!-- Default suite -->
</testng-results>
